  HW6.cpp
c:\users\atanas\documents\aubg\4 semester\fundamental\aubg_vsp(part2)\hw6\hw6\hw6.cpp(125): warning C4018: '<': signed/unsigned mismatch
c:\users\atanas\documents\aubg\4 semester\fundamental\aubg_vsp(part2)\hw6\hw6\hw6.cpp(133): warning C4018: '<': signed/unsigned mismatch
c:\users\atanas\documents\aubg\4 semester\fundamental\aubg_vsp(part2)\hw6\hw6\hw6.cpp(255): warning C4018: '<': signed/unsigned mismatch
c:\users\atanas\documents\aubg\4 semester\fundamental\aubg_vsp(part2)\hw6\hw6\hw6.cpp(281): warning C4018: '<': signed/unsigned mismatch
c:\users\atanas\documents\aubg\4 semester\fundamental\aubg_vsp(part2)\hw6\hw6\hw6.cpp(312): warning C4018: '<': signed/unsigned mismatch
c:\users\atanas\documents\aubg\4 semester\fundamental\aubg_vsp(part2)\hw6\hw6\hw6.cpp(348): warning C4018: '<': signed/unsigned mismatch
c:\users\atanas\documents\aubg\4 semester\fundamental\aubg_vsp(part2)\hw6\hw6\hw6.cpp(670): warning C4018: '<': signed/unsigned mismatch
c:\users\atanas\documents\aubg\4 semester\fundamental\aubg_vsp(part2)\hw6\hw6\hw6.cpp(696): warning C4018: '<': signed/unsigned mismatch
c:\users\atanas\documents\aubg\4 semester\fundamental\aubg_vsp(part2)\hw6\hw6\hw6.cpp(727): warning C4018: '<': signed/unsigned mismatch
c:\users\atanas\documents\aubg\4 semester\fundamental\aubg_vsp(part2)\hw6\hw6\hw6.cpp(767): warning C4018: '<': signed/unsigned mismatch
c:\users\atanas\documents\aubg\4 semester\fundamental\aubg_vsp(part2)\hw6\hw6\hw6.cpp(795): warning C4018: '<': signed/unsigned mismatch
c:\users\atanas\documents\aubg\4 semester\fundamental\aubg_vsp(part2)\hw6\hw6\hw6.cpp(815): warning C4018: '<': signed/unsigned mismatch
c:\users\atanas\documents\aubg\4 semester\fundamental\aubg_vsp(part2)\hw6\hw6\hw6.cpp(893): warning C4018: '<': signed/unsigned mismatch
c:\users\atanas\documents\aubg\4 semester\fundamental\aubg_vsp(part2)\hw6\hw6\hw6.cpp(913): warning C4018: '<': signed/unsigned mismatch
c:\users\atanas\documents\aubg\4 semester\fundamental\aubg_vsp(part2)\hw6\hw6\hw6.cpp(1035): warning C4018: '<': signed/unsigned mismatch
c:\users\atanas\documents\aubg\4 semester\fundamental\aubg_vsp(part2)\hw6\hw6\hw6.cpp(1055): warning C4018: '<': signed/unsigned mismatch
c:\users\atanas\documents\aubg\4 semester\fundamental\aubg_vsp(part2)\hw6\hw6\hw6.cpp(1074): warning C4018: '<': signed/unsigned mismatch
c:\users\atanas\documents\aubg\4 semester\fundamental\aubg_vsp(part2)\hw6\hw6\hw6.cpp(1094): warning C4018: '<': signed/unsigned mismatch
c:\users\atanas\documents\aubg\4 semester\fundamental\aubg_vsp(part2)\hw6\hw6\hw6.cpp(1105): warning C4018: '<': signed/unsigned mismatch
c:\users\atanas\documents\aubg\4 semester\fundamental\aubg_vsp(part2)\hw6\hw6\hw6.cpp(1139): warning C4018: '<': signed/unsigned mismatch
c:\users\atanas\documents\aubg\4 semester\fundamental\aubg_vsp(part2)\hw6\hw6\hw6.cpp(1143): warning C4018: '<': signed/unsigned mismatch
c:\users\atanas\documents\aubg\4 semester\fundamental\aubg_vsp(part2)\hw6\hw6\hw6.cpp(1030): warning C4101: 'ASP': unreferenced local variable
c:\users\atanas\documents\aubg\4 semester\fundamental\aubg_vsp(part2)\hw6\hw6\hw6.cpp(1340): warning C4018: '<': signed/unsigned mismatch
c:\users\atanas\documents\aubg\4 semester\fundamental\aubg_vsp(part2)\hw6\hw6\hw6.cpp(1353): warning C4018: '<': signed/unsigned mismatch
c:\users\atanas\documents\aubg\4 semester\fundamental\aubg_vsp(part2)\hw6\hw6\hw6.cpp(1395): warning C4018: '<': signed/unsigned mismatch
c:\users\atanas\documents\aubg\4 semester\fundamental\aubg_vsp(part2)\hw6\hw6\hw6.cpp(1403): warning C4018: '<': signed/unsigned mismatch
c:\users\atanas\documents\aubg\4 semester\fundamental\aubg_vsp(part2)\hw6\hw6\hw6.cpp(1454): warning C4018: '<': signed/unsigned mismatch
c:\users\atanas\documents\aubg\4 semester\fundamental\aubg_vsp(part2)\hw6\hw6\hw6.cpp(1463): warning C4018: '<': signed/unsigned mismatch
c:\users\atanas\documents\aubg\4 semester\fundamental\aubg_vsp(part2)\hw6\hw6\hw6.cpp(1495): warning C4018: '<': signed/unsigned mismatch
c:\users\atanas\documents\aubg\4 semester\fundamental\aubg_vsp(part2)\hw6\hw6\hw6.cpp(1510): warning C4018: '<': signed/unsigned mismatch
c:\users\atanas\documents\aubg\4 semester\fundamental\aubg_vsp(part2)\hw6\hw6\hw6.cpp(1521): warning C4129: 'T': unrecognized character escape sequence
c:\users\atanas\documents\aubg\4 semester\fundamental\aubg_vsp(part2)\hw6\hw6\hw6.cpp(1574): warning C4018: '<': signed/unsigned mismatch
c:\users\atanas\documents\aubg\4 semester\fundamental\aubg_vsp(part2)\hw6\hw6\hw6.cpp(1598): warning C4018: '<': signed/unsigned mismatch
c:\users\atanas\documents\aubg\4 semester\fundamental\aubg_vsp(part2)\hw6\hw6\hw6.cpp(1602): warning C4018: '<': signed/unsigned mismatch
c:\users\atanas\documents\aubg\4 semester\fundamental\aubg_vsp(part2)\hw6\hw6\hw6.cpp(1643): warning C4018: '<': signed/unsigned mismatch
c:\users\atanas\documents\aubg\4 semester\fundamental\aubg_vsp(part2)\hw6\hw6\hw6.cpp(1668): warning C4018: '<': signed/unsigned mismatch
c:\users\atanas\documents\aubg\4 semester\fundamental\aubg_vsp(part2)\hw6\hw6\hw6.cpp(1679): warning C4018: '<': signed/unsigned mismatch
c:\users\atanas\documents\aubg\4 semester\fundamental\aubg_vsp(part2)\hw6\hw6\hw6.cpp(1750): warning C4018: '<': signed/unsigned mismatch
c:\users\atanas\documents\aubg\4 semester\fundamental\aubg_vsp(part2)\hw6\hw6\hw6.cpp(1800): warning C4244: '=': conversion from 'double' to 'int', possible loss of data
c:\users\atanas\documents\aubg\4 semester\fundamental\aubg_vsp(part2)\hw6\hw6\hw6.cpp(833): warning C4715: 'searchSP': not all control paths return a value
  HW6.vcxproj -> C:\Users\Atanas\Documents\aubg\4 semester\Fundamental\AUBG_VSP(part2)\HW6\Debug\HW6.exe
